<?xml version="1.0" encoding="UTF-8"?>
<!-- Generated by org.testng.reporters.JUnitXMLReporter -->
<testsuite hostname="HIJ-LP135" name="Test" tests="1" failures="1" timestamp="29 Dec 2020 09:55:30 GMT" time="37.399" errors="0">
  <testcase name="totalCostValidation" time="37.378" classname="mobile.AppiumFramework.ShopingCartApp">
    <failure type="java.lang.NullPointerException">
      <![CDATA[java.lang.NullPointerException
	at mobile.AppiumFramework.ShopingCartApp.totalCostValidation(ShopingCartApp.java:86)
... Removed 24 stack frames]]>
    </failure>
  </testcase> <!-- totalCostValidation -->
</testsuite> <!-- Test -->
